2024-01-07 23:05:52,988 INFO [background-preinit] HV000001: Hibernate Validator 8.0.1.Final
2024-01-07 23:05:53,524 INFO [main] Fetching config from server at : http://localhost:8888
2024-01-07 23:05:53,593 INFO [main] Exception on Url - http://localhost:8888:org.springframework.web.client.ResourceAccessException: I/O error on GET request for "http://localhost:8888/dvdtheque-sockjs-client/default": Connection refused: no further information. Will be trying the next url if available
2024-01-07 23:05:53,594 WARN [main] Could not locate PropertySource: I/O error on GET request for "http://localhost:8888/dvdtheque-sockjs-client/default": Connection refused: no further information
2024-01-07 23:05:53,597 INFO [main] No active profile set, falling back to 1 default profile: "default"
2024-01-07 23:05:54,191 INFO [main] Bootstrapping Spring Data JPA repositories in DEFAULT mode.
2024-01-07 23:05:54,201 INFO [main] Finished Spring Data repository scanning in 4 ms. Found 0 JPA repository interfaces.
2024-01-07 23:05:54,355 INFO [main] BeanFactory id=95243b46-0ef9-3c21-b6fd-1d5b8cf7ef01
2024-01-07 23:05:55,034 INFO [main] Tomcat initialized with port 8090 (http)
2024-01-07 23:05:55,058 INFO [main] Initializing ProtocolHandler ["http-nio-8090"]
2024-01-07 23:05:55,063 INFO [main] Starting service [Tomcat]
2024-01-07 23:05:55,064 INFO [main] Starting Servlet engine: [Apache Tomcat/10.1.17]
2024-01-07 23:05:55,191 INFO [main] Initializing Spring embedded WebApplicationContext
2024-01-07 23:05:55,193 INFO [main] Root WebApplicationContext: initialization completed in 1586 ms
2024-01-07 23:05:55,439 WARN [main] Exception encountered during context initialization - cancelling refresh attempt: org.springframework.beans.factory.UnsatisfiedDependencyException: Error creating bean with name 'dataSourceScriptDatabaseInitializer' defined in class path resource [org/springframework/boot/autoconfigure/sql/init/DataSourceInitializationConfiguration.class]: Unsatisfied dependency expressed through method 'dataSourceScriptDatabaseInitializer' parameter 0: Error creating bean with name 'dataSource' defined in class path resource [org/springframework/boot/autoconfigure/jdbc/DataSourceConfiguration$Hikari.class]: Failed to instantiate [com.zaxxer.hikari.HikariDataSource]: Factory method 'dataSource' threw exception with message: Failed to determine a suitable driver class
2024-01-07 23:05:55,442 INFO [main] Stopping service [Tomcat]
2024-01-07 23:05:55,473 INFO [main] 

Error starting ApplicationContext. To display the condition evaluation report re-run your application with 'debug' enabled.
2024-01-07 23:05:55,508 ERROR [main] 

***************************
APPLICATION FAILED TO START
***************************

Description:

Failed to configure a DataSource: 'url' attribute is not specified and no embedded datasource could be configured.

Reason: Failed to determine a suitable driver class


Action:

Consider the following:
	If you want an embedded database (H2, HSQL or Derby), please put it on the classpath.
	If you have database settings to be loaded from a particular profile you may need to activate it (no profiles are currently active).

2024-01-07 23:07:45,471 INFO [background-preinit] HV000001: Hibernate Validator 8.0.1.Final
2024-01-07 23:07:45,993 INFO [main] Fetching config from server at : http://localhost:8888
2024-01-07 23:07:46,058 INFO [main] Exception on Url - http://localhost:8888:org.springframework.web.client.ResourceAccessException: I/O error on GET request for "http://localhost:8888/dvdtheque-sockjs-client/default": Connection refused: no further information. Will be trying the next url if available
2024-01-07 23:07:46,058 WARN [main] Could not locate PropertySource: I/O error on GET request for "http://localhost:8888/dvdtheque-sockjs-client/default": Connection refused: no further information
2024-01-07 23:07:46,061 INFO [main] No active profile set, falling back to 1 default profile: "default"
2024-01-07 23:07:46,604 INFO [main] Bootstrapping Spring Data JPA repositories in DEFAULT mode.
2024-01-07 23:07:46,619 INFO [main] Finished Spring Data repository scanning in 6 ms. Found 0 JPA repository interfaces.
2024-01-07 23:07:46,791 INFO [main] BeanFactory id=95243b46-0ef9-3c21-b6fd-1d5b8cf7ef01
2024-01-07 23:07:47,413 INFO [main] Tomcat initialized with port 8090 (http)
2024-01-07 23:07:47,430 INFO [main] Initializing ProtocolHandler ["http-nio-8090"]
2024-01-07 23:07:47,433 INFO [main] Starting service [Tomcat]
2024-01-07 23:07:47,433 INFO [main] Starting Servlet engine: [Apache Tomcat/10.1.17]
2024-01-07 23:07:47,534 INFO [main] Initializing Spring embedded WebApplicationContext
2024-01-07 23:07:47,534 INFO [main] Root WebApplicationContext: initialization completed in 1464 ms
2024-01-07 23:07:47,865 INFO [main] HikariPool-1 - Starting...
2024-01-07 23:07:48,270 INFO [main] HikariPool-1 - Added connection org.postgresql.jdbc.PgConnection@74619273
2024-01-07 23:07:48,272 INFO [main] HikariPool-1 - Start completed.
2024-01-07 23:07:48,310 INFO [main] HHH000204: Processing PersistenceUnitInfo [name: default]
2024-01-07 23:07:48,370 INFO [main] HHH000412: Hibernate ORM core version 6.4.1.Final
2024-01-07 23:07:48,416 INFO [main] HHH000026: Second-level cache disabled
2024-01-07 23:07:48,766 INFO [main] No LoadTimeWeaver setup: ignoring JPA class transformer
2024-01-07 23:07:48,829 WARN [main] HHH000511: The 11.22.0 version for [org.hibernate.dialect.PostgreSQLDialect] is no longer supported, hence certain features may not work properly. The minimum supported version is 12.0.0. Check the community dialects project for available legacy versions.
2024-01-07 23:07:49,047 INFO [main] HHH000489: No JTA platform available (set 'hibernate.transaction.jta.platform' to enable JTA platform integration)
2024-01-07 23:07:49,050 INFO [main] Initialized JPA EntityManagerFactory for persistence unit 'default'
2024-01-07 23:07:49,121 WARN [main] spring.jpa.open-in-view is enabled by default. Therefore, database queries may be performed during view rendering. Explicitly configure spring.jpa.open-in-view to disable this warning
2024-01-07 23:07:50,025 WARN [main] 

Using generated security password: fe96fd00-8bc7-41e8-ad86-377fc1c33c09

This generated password is for development use only. Your security configuration must be updated before running your application in production.

2024-01-07 23:07:50,197 INFO [main] Exposing 15 endpoint(s) beneath base path '/actuator'
2024-01-07 23:07:50,253 INFO [main] Will secure any request with [org.springframework.security.web.session.DisableEncodeUrlFilter@4303511e, org.springframework.security.web.context.request.async.WebAsyncManagerIntegrationFilter@7d661205, org.springframework.security.web.context.SecurityContextHolderFilter@5834fd3f, org.springframework.security.web.header.HeaderWriterFilter@1aee0f49, org.springframework.web.filter.CorsFilter@20183e2d, org.springframework.security.web.csrf.CsrfFilter@40a2fdd2, org.springframework.security.web.authentication.logout.LogoutFilter@77f66138, org.springframework.security.web.authentication.UsernamePasswordAuthenticationFilter@509d999c, org.springframework.security.web.authentication.ui.DefaultLoginPageGeneratingFilter@3638120f, org.springframework.security.web.authentication.ui.DefaultLogoutPageGeneratingFilter@6203f10f, org.springframework.security.web.authentication.www.BasicAuthenticationFilter@270a3cef, org.springframework.security.web.savedrequest.RequestCacheAwareFilter@35c83c56, org.springframework.security.web.servletapi.SecurityContextHolderAwareRequestFilter@124b8fe9, org.springframework.security.web.authentication.AnonymousAuthenticationFilter@3bd1c7f0, org.springframework.security.web.access.ExceptionTranslationFilter@5bbb351e, org.springframework.security.web.access.intercept.AuthorizationFilter@3c8c5513]
2024-01-07 23:07:50,599 INFO [main] Starting ProtocolHandler ["http-nio-8090"]
2024-01-07 23:07:50,623 INFO [main] Tomcat started on port 8090 (http) with context path ''
2024-01-07 23:07:50,662 INFO [main] Started DvdthequeSockJsClientApplication in 5.584 seconds (process running for 5.846)
