2022-01-06 23:56:54,454 INFO org.hibernate.validator.internal.util.Version [background-preinit] HV000001: Hibernate Validator 6.2.0.Final
2022-01-06 23:56:55,206 INFO org.springframework.cloud.config.client.ConfigServicePropertySourceLocator [main] Fetching config from server at : http://localhost:8888
2022-01-06 23:56:55,789 INFO org.springframework.cloud.config.client.ConfigServicePropertySourceLocator [main] Located environment: name=dvdtheque-batch-service, profiles=[local], label=develop, version=7f4dc18377e2912ebd27b42c975df9ff4a2a44f4, state=null
2022-01-06 23:56:55,791 INFO org.springframework.cloud.bootstrap.config.PropertySourceBootstrapConfiguration [main] Located property source: [BootstrapPropertySource {name='bootstrapProperties-configClient'}, BootstrapPropertySource {name='bootstrapProperties-https://github.com/fredo1975/spring-cloud-server-config.git/file:C:\Users\fredo\AppData\Local\Temp\config-repo-4157534236302210453\dvdtheque-batch-service-local.yml'}]
2022-01-06 23:56:55,807 INFO org.springframework.boot.SpringApplication [main] The following profiles are active: local
2022-01-06 23:56:57,206 INFO org.springframework.cloud.context.scope.GenericScope [main] BeanFactory id=acbbfb90-bac1-3961-acb7-6b43bed6b359
2022-01-06 23:56:57,328 INFO org.springframework.context.support.PostProcessorRegistrationDelegate$BeanPostProcessorChecker [main] Bean 'org.springframework.boot.autoconfigure.jdbc.DataSourceConfiguration$Hikari' of type [org.springframework.boot.autoconfigure.jdbc.DataSourceConfiguration$Hikari] is not eligible for getting processed by all BeanPostProcessors (for example: not eligible for auto-proxying)
2022-01-06 23:56:57,623 INFO org.springframework.context.support.PostProcessorRegistrationDelegate$BeanPostProcessorChecker [main] Bean 'org.springframework.security.access.expression.method.DefaultMethodSecurityExpressionHandler@9e02f84' of type [org.springframework.security.access.expression.method.DefaultMethodSecurityExpressionHandler] is not eligible for getting processed by all BeanPostProcessors (for example: not eligible for auto-proxying)
2022-01-06 23:56:57,631 INFO org.springframework.context.support.PostProcessorRegistrationDelegate$BeanPostProcessorChecker [main] Bean 'methodSecurityMetadataSource' of type [org.springframework.security.access.method.DelegatingMethodSecurityMetadataSource] is not eligible for getting processed by all BeanPostProcessors (for example: not eligible for auto-proxying)
2022-01-06 23:56:57,657 INFO org.springframework.context.support.PostProcessorRegistrationDelegate$BeanPostProcessorChecker [main] Bean 'spring.datasource-org.springframework.boot.autoconfigure.jdbc.DataSourceProperties' of type [org.springframework.boot.autoconfigure.jdbc.DataSourceProperties] is not eligible for getting processed by all BeanPostProcessors (for example: not eligible for auto-proxying)
2022-01-06 23:56:57,681 INFO org.springframework.context.support.PostProcessorRegistrationDelegate$BeanPostProcessorChecker [main] Bean 'dataSource' of type [com.zaxxer.hikari.HikariDataSource] is not eligible for getting processed by all BeanPostProcessors (for example: not eligible for auto-proxying)
2022-01-06 23:56:57,700 INFO org.springframework.context.support.PostProcessorRegistrationDelegate$BeanPostProcessorChecker [main] Bean 'org.springframework.batch.core.configuration.annotation.SimpleBatchConfiguration' of type [org.springframework.batch.core.configuration.annotation.SimpleBatchConfiguration] is not eligible for getting processed by all BeanPostProcessors (for example: not eligible for auto-proxying)
2022-01-06 23:56:57,704 INFO org.springframework.context.support.PostProcessorRegistrationDelegate$BeanPostProcessorChecker [main] Bean 'jobBuilders' of type [org.springframework.batch.core.configuration.annotation.JobBuilderFactory] is not eligible for getting processed by all BeanPostProcessors (for example: not eligible for auto-proxying)
2022-01-06 23:56:57,708 INFO org.springframework.context.support.PostProcessorRegistrationDelegate$BeanPostProcessorChecker [main] Bean 'stepBuilders' of type [org.springframework.batch.core.configuration.annotation.StepBuilderFactory] is not eligible for getting processed by all BeanPostProcessors (for example: not eligible for auto-proxying)
2022-01-06 23:56:57,711 INFO org.springframework.context.support.PostProcessorRegistrationDelegate$BeanPostProcessorChecker [main] Bean 'org.springframework.boot.autoconfigure.batch.BatchAutoConfiguration$DataSourceInitializerConfiguration' of type [org.springframework.boot.autoconfigure.batch.BatchAutoConfiguration$DataSourceInitializerConfiguration] is not eligible for getting processed by all BeanPostProcessors (for example: not eligible for auto-proxying)
2022-01-06 23:56:57,720 INFO org.springframework.context.support.PostProcessorRegistrationDelegate$BeanPostProcessorChecker [main] Bean 'spring.batch-org.springframework.boot.autoconfigure.batch.BatchProperties' of type [org.springframework.boot.autoconfigure.batch.BatchProperties] is not eligible for getting processed by all BeanPostProcessors (for example: not eligible for auto-proxying)
2022-01-06 23:56:57,726 INFO org.springframework.context.support.PostProcessorRegistrationDelegate$BeanPostProcessorChecker [main] Bean 'batchDataSourceInitializer' of type [org.springframework.boot.autoconfigure.batch.BatchDataSourceInitializer] is not eligible for getting processed by all BeanPostProcessors (for example: not eligible for auto-proxying)
2022-01-06 23:56:57,730 INFO org.springframework.context.support.PostProcessorRegistrationDelegate$BeanPostProcessorChecker [main] Bean 'org.springframework.boot.autoconfigure.sql.init.DataSourceInitializationConfiguration' of type [org.springframework.boot.autoconfigure.sql.init.DataSourceInitializationConfiguration] is not eligible for getting processed by all BeanPostProcessors (for example: not eligible for auto-proxying)
2022-01-06 23:56:57,735 INFO org.springframework.context.support.PostProcessorRegistrationDelegate$BeanPostProcessorChecker [main] Bean 'spring.sql.init-org.springframework.boot.autoconfigure.sql.init.SqlInitializationProperties' of type [org.springframework.boot.autoconfigure.sql.init.SqlInitializationProperties] is not eligible for getting processed by all BeanPostProcessors (for example: not eligible for auto-proxying)
2022-01-06 23:56:57,740 INFO org.springframework.context.support.PostProcessorRegistrationDelegate$BeanPostProcessorChecker [main] Bean 'dataSourceScriptDatabaseInitializer' of type [org.springframework.boot.jdbc.init.DataSourceScriptDatabaseInitializer] is not eligible for getting processed by all BeanPostProcessors (for example: not eligible for auto-proxying)
2022-01-06 23:56:57,743 INFO org.springframework.context.support.PostProcessorRegistrationDelegate$BeanPostProcessorChecker [main] Bean 'jobRepository' of type [com.sun.proxy.$Proxy110] is not eligible for getting processed by all BeanPostProcessors (for example: not eligible for auto-proxying)
2022-01-06 23:56:57,750 INFO org.springframework.context.support.PostProcessorRegistrationDelegate$BeanPostProcessorChecker [main] Bean 'jobExplorer' of type [com.sun.proxy.$Proxy114] is not eligible for getting processed by all BeanPostProcessors (for example: not eligible for auto-proxying)
2022-01-06 23:56:57,756 INFO org.springframework.context.support.PostProcessorRegistrationDelegate$BeanPostProcessorChecker [main] Bean 'org.springframework.boot.autoconfigure.web.client.RestTemplateAutoConfiguration' of type [org.springframework.boot.autoconfigure.web.client.RestTemplateAutoConfiguration] is not eligible for getting processed by all BeanPostProcessors (for example: not eligible for auto-proxying)
2022-01-06 23:56:57,760 INFO org.springframework.context.support.PostProcessorRegistrationDelegate$BeanPostProcessorChecker [main] Bean 'org.springframework.boot.autoconfigure.http.HttpMessageConvertersAutoConfiguration' of type [org.springframework.boot.autoconfigure.http.HttpMessageConvertersAutoConfiguration] is not eligible for getting processed by all BeanPostProcessors (for example: not eligible for auto-proxying)
2022-01-06 23:56:57,767 INFO org.springframework.context.support.PostProcessorRegistrationDelegate$BeanPostProcessorChecker [main] Bean 'org.springframework.boot.autoconfigure.http.HttpMessageConvertersAutoConfiguration$StringHttpMessageConverterConfiguration' of type [org.springframework.boot.autoconfigure.http.HttpMessageConvertersAutoConfiguration$StringHttpMessageConverterConfiguration] is not eligible for getting processed by all BeanPostProcessors (for example: not eligible for auto-proxying)
2022-01-06 23:56:57,773 INFO org.springframework.context.support.PostProcessorRegistrationDelegate$BeanPostProcessorChecker [main] Bean 'stringHttpMessageConverter' of type [org.springframework.http.converter.StringHttpMessageConverter] is not eligible for getting processed by all BeanPostProcessors (for example: not eligible for auto-proxying)
2022-01-06 23:56:57,775 INFO org.springframework.context.support.PostProcessorRegistrationDelegate$BeanPostProcessorChecker [main] Bean 'org.springframework.boot.autoconfigure.http.JacksonHttpMessageConvertersConfiguration$MappingJackson2HttpMessageConverterConfiguration' of type [org.springframework.boot.autoconfigure.http.JacksonHttpMessageConvertersConfiguration$MappingJackson2HttpMessageConverterConfiguration] is not eligible for getting processed by all BeanPostProcessors (for example: not eligible for auto-proxying)
2022-01-06 23:56:57,803 INFO org.springframework.context.support.PostProcessorRegistrationDelegate$BeanPostProcessorChecker [main] Bean 'mapper' of type [com.fasterxml.jackson.databind.ObjectMapper] is not eligible for getting processed by all BeanPostProcessors (for example: not eligible for auto-proxying)
2022-01-06 23:56:57,815 INFO org.springframework.context.support.PostProcessorRegistrationDelegate$BeanPostProcessorChecker [main] Bean 'mappingJackson2HttpMessageConverter' of type [org.springframework.http.converter.json.MappingJackson2HttpMessageConverter] is not eligible for getting processed by all BeanPostProcessors (for example: not eligible for auto-proxying)
2022-01-06 23:56:57,825 INFO org.springframework.context.support.PostProcessorRegistrationDelegate$BeanPostProcessorChecker [main] Bean 'messageConverters' of type [org.springframework.boot.autoconfigure.http.HttpMessageConverters] is not eligible for getting processed by all BeanPostProcessors (for example: not eligible for auto-proxying)
2022-01-06 23:56:57,827 INFO org.springframework.context.support.PostProcessorRegistrationDelegate$BeanPostProcessorChecker [main] Bean 'org.springframework.boot.actuate.autoconfigure.metrics.web.client.RestTemplateMetricsConfiguration' of type [org.springframework.boot.actuate.autoconfigure.metrics.web.client.RestTemplateMetricsConfiguration] is not eligible for getting processed by all BeanPostProcessors (for example: not eligible for auto-proxying)
2022-01-06 23:56:57,829 INFO org.springframework.context.support.PostProcessorRegistrationDelegate$BeanPostProcessorChecker [main] Bean 'org.springframework.boot.actuate.autoconfigure.metrics.export.simple.SimpleMetricsExportAutoConfiguration' of type [org.springframework.boot.actuate.autoconfigure.metrics.export.simple.SimpleMetricsExportAutoConfiguration] is not eligible for getting processed by all BeanPostProcessors (for example: not eligible for auto-proxying)
2022-01-06 23:56:57,833 INFO org.springframework.context.support.PostProcessorRegistrationDelegate$BeanPostProcessorChecker [main] Bean 'management.metrics.export.simple-org.springframework.boot.actuate.autoconfigure.metrics.export.simple.SimpleProperties' of type [org.springframework.boot.actuate.autoconfigure.metrics.export.simple.SimpleProperties] is not eligible for getting processed by all BeanPostProcessors (for example: not eligible for auto-proxying)
2022-01-06 23:56:57,836 INFO org.springframework.context.support.PostProcessorRegistrationDelegate$BeanPostProcessorChecker [main] Bean 'simpleConfig' of type [org.springframework.boot.actuate.autoconfigure.metrics.export.simple.SimplePropertiesConfigAdapter] is not eligible for getting processed by all BeanPostProcessors (for example: not eligible for auto-proxying)
2022-01-06 23:56:57,840 INFO org.springframework.context.support.PostProcessorRegistrationDelegate$BeanPostProcessorChecker [main] Bean 'org.springframework.boot.actuate.autoconfigure.metrics.MetricsAutoConfiguration' of type [org.springframework.boot.actuate.autoconfigure.metrics.MetricsAutoConfiguration] is not eligible for getting processed by all BeanPostProcessors (for example: not eligible for auto-proxying)
2022-01-06 23:56:57,841 INFO org.springframework.context.support.PostProcessorRegistrationDelegate$BeanPostProcessorChecker [main] Bean 'micrometerClock' of type [io.micrometer.core.instrument.Clock$1] is not eligible for getting processed by all BeanPostProcessors (for example: not eligible for auto-proxying)
2022-01-06 23:56:57,861 INFO org.springframework.context.support.PostProcessorRegistrationDelegate$BeanPostProcessorChecker [main] Bean 'simpleMeterRegistry' of type [io.micrometer.core.instrument.simple.SimpleMeterRegistry] is not eligible for getting processed by all BeanPostProcessors (for example: not eligible for auto-proxying)
2022-01-06 23:56:57,865 INFO org.springframework.context.support.PostProcessorRegistrationDelegate$BeanPostProcessorChecker [main] Bean 'restTemplateExchangeTagsProvider' of type [org.springframework.boot.actuate.metrics.web.client.DefaultRestTemplateExchangeTagsProvider] is not eligible for getting processed by all BeanPostProcessors (for example: not eligible for auto-proxying)
2022-01-06 23:56:57,871 INFO org.springframework.context.support.PostProcessorRegistrationDelegate$BeanPostProcessorChecker [main] Bean 'management.metrics-org.springframework.boot.actuate.autoconfigure.metrics.MetricsProperties' of type [org.springframework.boot.actuate.autoconfigure.metrics.MetricsProperties] is not eligible for getting processed by all BeanPostProcessors (for example: not eligible for auto-proxying)
2022-01-06 23:56:57,873 INFO org.springframework.context.support.PostProcessorRegistrationDelegate$BeanPostProcessorChecker [main] Bean 'metricsRestTemplateCustomizer' of type [org.springframework.boot.actuate.metrics.web.client.MetricsRestTemplateCustomizer] is not eligible for getting processed by all BeanPostProcessors (for example: not eligible for auto-proxying)
2022-01-06 23:56:57,875 INFO org.springframework.context.support.PostProcessorRegistrationDelegate$BeanPostProcessorChecker [main] Bean 'restTemplateBuilderConfigurer' of type [org.springframework.boot.autoconfigure.web.client.RestTemplateBuilderConfigurer] is not eligible for getting processed by all BeanPostProcessors (for example: not eligible for auto-proxying)
2022-01-06 23:56:57,879 INFO org.springframework.context.support.PostProcessorRegistrationDelegate$BeanPostProcessorChecker [main] Bean 'restTemplateBuilder' of type [org.springframework.boot.web.client.RestTemplateBuilder] is not eligible for getting processed by all BeanPostProcessors (for example: not eligible for auto-proxying)
2022-01-06 23:56:57,881 INFO org.springframework.context.support.PostProcessorRegistrationDelegate$BeanPostProcessorChecker [main] Bean 'OAuth2ClientConfiguration' of type [fr.fredos.dvdtheque.batch.configuration.OAuth2ClientConfiguration$$EnhancerBySpringCGLIB$$2ad1e213] is not eligible for getting processed by all BeanPostProcessors (for example: not eligible for auto-proxying)
2022-01-06 23:56:57,893 INFO org.springframework.context.support.PostProcessorRegistrationDelegate$BeanPostProcessorChecker [main] Bean 'dvdthequeClientRegistration' of type [org.springframework.security.oauth2.client.registration.ClientRegistration] is not eligible for getting processed by all BeanPostProcessors (for example: not eligible for auto-proxying)
2022-01-06 23:56:57,896 INFO org.springframework.context.support.PostProcessorRegistrationDelegate$BeanPostProcessorChecker [main] Bean 'clientRegistrationRepository' of type [org.springframework.security.oauth2.client.registration.InMemoryClientRegistrationRepository] is not eligible for getting processed by all BeanPostProcessors (for example: not eligible for auto-proxying)
2022-01-06 23:56:57,898 INFO org.springframework.context.support.PostProcessorRegistrationDelegate$BeanPostProcessorChecker [main] Bean 'auth2AuthorizedClientService' of type [org.springframework.security.oauth2.client.InMemoryOAuth2AuthorizedClientService] is not eligible for getting processed by all BeanPostProcessors (for example: not eligible for auto-proxying)
2022-01-06 23:56:57,921 INFO org.springframework.context.support.PostProcessorRegistrationDelegate$BeanPostProcessorChecker [main] Bean 'authorizedClientServiceAndManager' of type [org.springframework.security.oauth2.client.AuthorizedClientServiceOAuth2AuthorizedClientManager] is not eligible for getting processed by all BeanPostProcessors (for example: not eligible for auto-proxying)
2022-01-06 23:56:58,218 INFO org.springframework.context.support.PostProcessorRegistrationDelegate$BeanPostProcessorChecker [main] Bean 'oAuthRestTemplate' of type [org.springframework.web.client.RestTemplate] is not eligible for getting processed by all BeanPostProcessors (for example: not eligible for auto-proxying)
2022-01-06 23:56:58,224 INFO org.springframework.context.support.PostProcessorRegistrationDelegate$BeanPostProcessorChecker [main] Bean 'batchExportFilmsConfiguration' of type [fr.fredos.dvdtheque.batch.configuration.BatchExportFilmsConfiguration$$EnhancerBySpringCGLIB$$e5378398] is not eligible for getting processed by all BeanPostProcessors (for example: not eligible for auto-proxying)
2022-01-06 23:56:58,237 INFO org.springframework.context.support.PostProcessorRegistrationDelegate$BeanPostProcessorChecker [main] Bean 'jobRegistry' of type [com.sun.proxy.$Proxy117] is not eligible for getting processed by all BeanPostProcessors (for example: not eligible for auto-proxying)
2022-01-06 23:56:58,489 INFO org.springframework.boot.web.embedded.tomcat.TomcatWebServer [main] Tomcat initialized with port(s): 8089 (http)
2022-01-06 23:56:58,624 INFO org.apache.juli.logging.DirectJDKLog [main] Initializing ProtocolHandler ["http-nio-8089"]
2022-01-06 23:56:58,626 INFO org.apache.juli.logging.DirectJDKLog [main] Starting service [Tomcat]
2022-01-06 23:56:58,626 INFO org.apache.juli.logging.DirectJDKLog [main] Starting Servlet engine: [Apache Tomcat/9.0.56]
2022-01-06 23:56:58,793 INFO org.apache.juli.logging.DirectJDKLog [main] Initializing Spring embedded WebApplicationContext
2022-01-06 23:56:58,795 INFO org.springframework.boot.web.servlet.context.ServletWebServerApplicationContext [main] Root WebApplicationContext: initialization completed in 2976 ms
2022-01-06 23:56:59,047 INFO fr.fredos.dvdtheque.batch.configuration.BatchExportFilmsConfiguration [main] ########### runExportFilmsJob
2022-01-06 23:56:59,050 INFO fr.fredos.dvdtheque.batch.configuration.BatchExportFilmsConfiguration [main] ########### exportFilmsStep
2022-01-06 23:56:59,054 INFO fr.fredos.dvdtheque.batch.configuration.BatchExportFilmsConfiguration [main] ########### ListItemReader
2022-01-06 23:57:01,161 INFO fr.fredos.dvdtheque.batch.configuration.BatchExportFilmsConfiguration [main] Issued: filmList.getBody().size()=12
2022-01-06 23:57:01,170 INFO fr.fredos.dvdtheque.batch.configuration.BatchExportFilmsConfiguration [main] ########### excelFilmWriter
2022-01-06 23:57:01,274 INFO com.zaxxer.hikari.HikariDataSource [main] HikariPool-1 - Starting...
2022-01-06 23:57:01,482 INFO com.zaxxer.hikari.HikariDataSource [main] HikariPool-1 - Start completed.
2022-01-06 23:57:01,503 INFO org.springframework.batch.core.repository.support.JobRepositoryFactoryBean [main] No database type set, using meta data indicating: POSTGRES
2022-01-06 23:57:01,527 INFO org.springframework.batch.core.launch.support.SimpleJobLauncher [main] No TaskExecutor has been set, defaulting to synchronous executor.
2022-01-06 23:57:01,536 INFO fr.fredos.dvdtheque.batch.configuration.BatchImportFilmsConfiguration [main] ######## importFilmsJob
2022-01-06 23:57:01,543 INFO fr.fredos.dvdtheque.batch.configuration.BatchImportFilmsConfiguration [main] ######## importFilmsStep
2022-01-06 23:57:03,156 INFO org.springframework.security.web.DefaultSecurityFilterChain [main] Will secure any request with [org.springframework.security.web.context.request.async.WebAsyncManagerIntegrationFilter@7de43652, org.springframework.security.web.context.SecurityContextPersistenceFilter@eabecf5, org.springframework.security.web.header.HeaderWriterFilter@1ac68548, org.springframework.security.web.csrf.CsrfFilter@43dddfdd, org.springframework.security.web.authentication.logout.LogoutFilter@4e25282d, org.springframework.security.oauth2.client.web.OAuth2AuthorizationRequestRedirectFilter@29bf90fc, org.springframework.security.oauth2.client.web.OAuth2LoginAuthenticationFilter@6e22d6bf, org.springframework.security.web.authentication.ui.DefaultLoginPageGeneratingFilter@e2d9923, org.springframework.security.web.authentication.ui.DefaultLogoutPageGeneratingFilter@7fe0ca60, org.springframework.security.oauth2.server.resource.web.BearerTokenAuthenticationFilter@6ad0cd43, org.springframework.security.web.savedrequest.RequestCacheAwareFilter@6bd28e4a, org.springframework.security.web.servletapi.SecurityContextHolderAwareRequestFilter@42a7e7e1, org.springframework.security.web.authentication.AnonymousAuthenticationFilter@fdf029a, org.springframework.security.web.session.SessionManagementFilter@761b9314, org.springframework.security.web.access.ExceptionTranslationFilter@75b3ef1a, org.springframework.security.web.access.intercept.FilterSecurityInterceptor@74ee97cb]
2022-01-06 23:57:03,313 INFO org.springframework.cloud.netflix.eureka.config.DiscoveryClientOptionalArgsConfiguration [main] Eureka HTTP Client uses RestTemplate.
2022-01-06 23:57:03,385 WARN org.springframework.cloud.loadbalancer.config.LoadBalancerCacheAutoConfiguration$LoadBalancerCaffeineWarnLogger [main] Spring Cloud LoadBalancer is currently working with the default cache. You can switch to using Caffeine cache, by adding it and org.springframework.cache.caffeine.CaffeineCacheManager to the classpath.
2022-01-06 23:57:03,392 INFO org.springframework.boot.actuate.endpoint.web.EndpointLinksResolver [main] Exposing 16 endpoint(s) beneath base path '/actuator'
2022-01-06 23:57:03,458 INFO org.springframework.cloud.netflix.eureka.InstanceInfoFactory [main] Setting initial instance status as: STARTING
2022-01-06 23:57:03,545 INFO com.netflix.discovery.DiscoveryClient [main] Initializing Eureka in region us-east-1
2022-01-06 23:57:03,553 INFO com.netflix.discovery.shared.resolver.aws.ConfigClusterResolver [main] Resolving eureka endpoints via configuration
2022-01-06 23:57:03,578 INFO com.netflix.discovery.DiscoveryClient [main] Disable delta property : false
2022-01-06 23:57:03,579 INFO com.netflix.discovery.DiscoveryClient [main] Single vip registry refresh property : null
2022-01-06 23:57:03,580 INFO com.netflix.discovery.DiscoveryClient [main] Force full registry fetch : false
2022-01-06 23:57:03,580 INFO com.netflix.discovery.DiscoveryClient [main] Application is null : false
2022-01-06 23:57:03,580 INFO com.netflix.discovery.DiscoveryClient [main] Registered Applications size is zero : true
2022-01-06 23:57:03,582 INFO com.netflix.discovery.DiscoveryClient [main] Application version is -1: true
2022-01-06 23:57:03,582 INFO com.netflix.discovery.DiscoveryClient [main] Getting all instance registry info from the eureka server
2022-01-06 23:57:03,641 INFO com.netflix.discovery.DiscoveryClient [main] The response status is 200
2022-01-06 23:57:03,644 INFO com.netflix.discovery.DiscoveryClient [main] Starting heartbeat executor: renew interval is: 2
2022-01-06 23:57:03,647 INFO com.netflix.discovery.InstanceInfoReplicator [main] InstanceInfoReplicator onDemand update allowed rate per min is 4
2022-01-06 23:57:03,653 INFO com.netflix.discovery.DiscoveryClient [main] Discovery Client initialized at timestamp 1641509823652 with initial instances count: 3
2022-01-06 23:57:03,656 INFO org.springframework.cloud.netflix.eureka.serviceregistry.EurekaServiceRegistry [main] Registering application DVDTHEQUE-BATCH-SERVICE with eureka with status UP
2022-01-06 23:57:03,659 INFO com.netflix.discovery.DiscoveryClient$3 [main] Saw local status change event StatusChangeEvent [timestamp=1641509823659, current=UP, previous=STARTING]
2022-01-06 23:57:03,661 WARN com.netflix.discovery.InstanceInfoReplicator [main] Ignoring onDemand update due to rate limiter
2022-01-06 23:57:03,663 INFO org.apache.juli.logging.DirectJDKLog [main] Starting ProtocolHandler ["http-nio-8089"]
2022-01-06 23:57:03,685 INFO org.springframework.boot.web.embedded.tomcat.TomcatWebServer [main] Tomcat started on port(s): 8089 (http) with context path ''
2022-01-06 23:57:03,687 INFO org.springframework.cloud.netflix.eureka.serviceregistry.EurekaAutoServiceRegistration [main] Updating port to 8089
2022-01-06 23:57:03,935 INFO com.netflix.discovery.DiscoveryClient [DiscoveryClient-InstanceInfoReplicator-0] DiscoveryClient_DVDTHEQUE-BATCH-SERVICE/dvdtheque-batch-service:ae03dac4ee84e4e258734ed4fe027d65: registering service...
2022-01-06 23:57:03,973 INFO com.netflix.discovery.DiscoveryClient [DiscoveryClient-InstanceInfoReplicator-0] DiscoveryClient_DVDTHEQUE-BATCH-SERVICE/dvdtheque-batch-service:ae03dac4ee84e4e258734ed4fe027d65 - registration status: 204
2022-01-06 23:57:03,999 INFO org.springframework.boot.StartupInfoLogger [main] Started BatchApplication in 10.406 seconds (JVM running for 11.062)
