2019-11-04 00:31:02,510 INFO org.springframework.context.support.PostProcessorRegistrationDelegate$BeanPostProcessorChecker [main] Bean 'org.springframework.cloud.autoconfigure.ConfigurationPropertiesRebinderAutoConfiguration' of type [org.springframework.cloud.autoconfigure.ConfigurationPropertiesRebinderAutoConfiguration$$EnhancerBySpringCGLIB$$544fe5d0] is not eligible for getting processed by all BeanPostProcessors (for example: not eligible for auto-proxying)
2019-11-04 00:31:02,787 INFO org.springframework.cloud.config.client.ConfigServicePropertySourceLocator [main] Fetching config from server at : http://192.168.1.103:8888
2019-11-04 00:31:04,567 INFO org.springframework.cloud.config.client.ConfigServicePropertySourceLocator [main] Located environment: name=discovery-server, profiles=[local], label=null, version=13688a30ff4d56f7d4e8f336d87a26f62dd62ee3, state=null
2019-11-04 00:31:04,569 INFO org.springframework.cloud.bootstrap.config.PropertySourceBootstrapConfiguration [main] Located property source: CompositePropertySource {name='configService', propertySources=[MapPropertySource {name='configClient'}, MapPropertySource {name='https://github.com/fredo1975/spring-cloud-server-config.git/discovery-server-local.properties'}]}
2019-11-04 00:31:04,574 INFO org.springframework.boot.SpringApplication [main] The following profiles are active: local
2019-11-04 00:31:05,369 WARN org.springframework.boot.actuate.endpoint.EndpointId [main] Endpoint ID 'service-registry' contains invalid characters, please migrate to a valid format.
2019-11-04 00:31:05,728 INFO org.springframework.cloud.context.scope.GenericScope [main] BeanFactory id=e16cd00f-75c9-35eb-b699-a1917cbecc39
2019-11-04 00:31:05,815 INFO org.springframework.context.support.PostProcessorRegistrationDelegate$BeanPostProcessorChecker [main] Bean 'org.springframework.cloud.autoconfigure.ConfigurationPropertiesRebinderAutoConfiguration' of type [org.springframework.cloud.autoconfigure.ConfigurationPropertiesRebinderAutoConfiguration$$EnhancerBySpringCGLIB$$544fe5d0] is not eligible for getting processed by all BeanPostProcessors (for example: not eligible for auto-proxying)
2019-11-04 00:31:06,171 INFO org.springframework.boot.web.embedded.tomcat.TomcatWebServer [main] Tomcat initialized with port(s): 8761 (http)
2019-11-04 00:31:06,199 INFO org.apache.juli.logging.DirectJDKLog [main] Starting service [Tomcat]
2019-11-04 00:31:06,200 INFO org.apache.juli.logging.DirectJDKLog [main] Starting Servlet engine: [Apache Tomcat/9.0.26]
2019-11-04 00:31:06,369 INFO org.apache.juli.logging.DirectJDKLog [main] Initializing Spring embedded WebApplicationContext
2019-11-04 00:31:06,370 INFO org.springframework.boot.web.servlet.context.ServletWebServerApplicationContext [main] Root WebApplicationContext: initialization completed in 1776 ms
2019-11-04 00:31:06,465 WARN com.netflix.config.sources.URLConfigurationSource [main] No URLs will be polled as dynamic configuration sources.
2019-11-04 00:31:06,466 INFO com.netflix.config.sources.URLConfigurationSource [main] To enable URLs as dynamic configuration sources, define System property archaius.configurationSource.additionalUrls or make config.properties available on classpath.
2019-11-04 00:31:06,477 INFO com.netflix.config.DynamicPropertyFactory [main] DynamicPropertyFactory is initialized with configuration sources: com.netflix.config.ConcurrentCompositeConfiguration@2f0ed952
2019-11-04 00:31:07,149 INFO com.sun.jersey.server.impl.application.WebApplicationImpl [main] Initiating Jersey application, version 'Jersey: 1.19.1 03/11/2016 02:08 PM'
2019-11-04 00:31:07,209 INFO com.netflix.discovery.provider.DiscoveryJerseyProvider [main] Using JSON encoding codec LegacyJacksonJson
2019-11-04 00:31:07,211 INFO com.netflix.discovery.provider.DiscoveryJerseyProvider [main] Using JSON decoding codec LegacyJacksonJson
2019-11-04 00:31:07,341 INFO com.netflix.discovery.provider.DiscoveryJerseyProvider [main] Using XML encoding codec XStreamXml
2019-11-04 00:31:07,342 INFO com.netflix.discovery.provider.DiscoveryJerseyProvider [main] Using XML decoding codec XStreamXml
2019-11-04 00:31:07,666 WARN org.springframework.cloud.netflix.archaius.ArchaiusAutoConfiguration [main] No spring.application.name found, defaulting to 'application'
2019-11-04 00:31:07,667 WARN com.netflix.config.sources.URLConfigurationSource [main] No URLs will be polled as dynamic configuration sources.
2019-11-04 00:31:07,667 INFO com.netflix.config.sources.URLConfigurationSource [main] To enable URLs as dynamic configuration sources, define System property archaius.configurationSource.additionalUrls or make config.properties available on classpath.
2019-11-04 00:31:07,941 INFO org.springframework.scheduling.concurrent.ExecutorConfigurationSupport [main] Initializing ExecutorService 'applicationTaskExecutor'
2019-11-04 00:31:08,611 INFO org.springframework.cloud.netflix.eureka.InstanceInfoFactory [main] Setting initial instance status as: STARTING
2019-11-04 00:31:08,648 INFO com.netflix.discovery.DiscoveryClient [main] Initializing Eureka in region default
2019-11-04 00:31:08,649 INFO com.netflix.discovery.DiscoveryClient [main] Client configured to neither register nor query for data.
2019-11-04 00:31:08,658 INFO com.netflix.discovery.DiscoveryClient [main] Discovery Client initialized at timestamp 1572823868657 with initial instances count: 0
2019-11-04 00:31:08,711 INFO com.netflix.eureka.DefaultEurekaServerContext [main] Initializing ...
2019-11-04 00:31:08,714 INFO com.netflix.eureka.cluster.PeerEurekaNodes [main] Adding new peer nodes [http://localhost:8761/eureka/]
2019-11-04 00:31:09,000 INFO com.netflix.discovery.provider.DiscoveryJerseyProvider [main] Using JSON encoding codec LegacyJacksonJson
2019-11-04 00:31:09,000 INFO com.netflix.discovery.provider.DiscoveryJerseyProvider [main] Using JSON decoding codec LegacyJacksonJson
2019-11-04 00:31:09,001 INFO com.netflix.discovery.provider.DiscoveryJerseyProvider [main] Using XML encoding codec XStreamXml
2019-11-04 00:31:09,001 INFO com.netflix.discovery.provider.DiscoveryJerseyProvider [main] Using XML decoding codec XStreamXml
2019-11-04 00:31:09,108 INFO com.netflix.eureka.cluster.PeerEurekaNodes [main] Replica node URL:  http://localhost:8761/eureka/
2019-11-04 00:31:09,126 INFO com.netflix.eureka.registry.AbstractInstanceRegistry [main] Finished initializing remote region registries. All known remote regions: []
2019-11-04 00:31:09,130 INFO com.netflix.eureka.DefaultEurekaServerContext [main] Initialized
2019-11-04 00:31:09,146 INFO org.springframework.boot.actuate.endpoint.web.EndpointLinksResolver [main] Exposing 2 endpoint(s) beneath base path '/actuator'
2019-11-04 00:31:09,248 INFO org.springframework.cloud.netflix.eureka.serviceregistry.EurekaServiceRegistry [main] Registering application UNKNOWN with eureka with status UP
2019-11-04 00:31:09,282 INFO org.springframework.boot.web.embedded.tomcat.TomcatWebServer [main] Tomcat started on port(s): 8761 (http) with context path ''
2019-11-04 00:31:09,291 INFO org.springframework.cloud.netflix.eureka.serviceregistry.EurekaAutoServiceRegistration [main] Updating port to 8761
2019-11-04 00:31:09,312 INFO org.springframework.cloud.netflix.eureka.server.EurekaServerBootstrap [Thread-11] Setting the eureka configuration..
2019-11-04 00:31:09,312 INFO org.springframework.cloud.netflix.eureka.server.EurekaServerBootstrap [Thread-11] Eureka data center value eureka.datacenter is not set, defaulting to default
2019-11-04 00:31:09,409 INFO org.springframework.cloud.netflix.eureka.server.EurekaServerBootstrap [Thread-11] isAws returned false
2019-11-04 00:31:09,411 INFO org.springframework.cloud.netflix.eureka.server.EurekaServerBootstrap [Thread-11] Initialized server context
2019-11-04 00:31:09,411 INFO com.netflix.eureka.registry.PeerAwareInstanceRegistryImpl [Thread-11] Got 1 instances from neighboring DS node
2019-11-04 00:31:09,411 INFO com.netflix.eureka.registry.PeerAwareInstanceRegistryImpl [Thread-11] Renew threshold is: 1
2019-11-04 00:31:09,412 INFO com.netflix.eureka.registry.PeerAwareInstanceRegistryImpl [Thread-11] Changing status to UP
2019-11-04 00:31:09,428 INFO org.springframework.cloud.netflix.eureka.server.EurekaServerInitializerConfiguration$1 [Thread-11] Started Eureka Server
2019-11-04 00:31:09,475 INFO org.springframework.boot.StartupInfoLogger [main] Started DiscoveryServerApplication in 8.062 seconds (JVM running for 8.522)
2019-11-04 00:32:09,413 INFO com.netflix.eureka.registry.AbstractInstanceRegistry$EvictionTask [Eureka-EvictionTimer] Running the evict task with compensationTime 0ms
2019-11-04 00:33:09,413 INFO com.netflix.eureka.registry.AbstractInstanceRegistry$EvictionTask [Eureka-EvictionTimer] Running the evict task with compensationTime 0ms
2019-11-04 00:34:09,413 INFO com.netflix.eureka.registry.AbstractInstanceRegistry$EvictionTask [Eureka-EvictionTimer] Running the evict task with compensationTime 0ms
2019-11-04 00:35:09,413 INFO com.netflix.eureka.registry.AbstractInstanceRegistry$EvictionTask [Eureka-EvictionTimer] Running the evict task with compensationTime 0ms
2019-11-04 00:36:09,413 INFO com.netflix.eureka.registry.AbstractInstanceRegistry$EvictionTask [Eureka-EvictionTimer] Running the evict task with compensationTime 0ms
2019-11-04 00:37:09,413 INFO com.netflix.eureka.registry.AbstractInstanceRegistry$EvictionTask [Eureka-EvictionTimer] Running the evict task with compensationTime 0ms
2019-11-04 00:38:09,413 INFO com.netflix.eureka.registry.AbstractInstanceRegistry$EvictionTask [Eureka-EvictionTimer] Running the evict task with compensationTime 0ms
2019-11-04 00:39:09,413 INFO com.netflix.eureka.registry.AbstractInstanceRegistry$EvictionTask [Eureka-EvictionTimer] Running the evict task with compensationTime 0ms
2019-11-04 00:40:09,413 INFO com.netflix.eureka.registry.AbstractInstanceRegistry$EvictionTask [Eureka-EvictionTimer] Running the evict task with compensationTime 0ms
2019-11-04 00:41:09,413 INFO com.netflix.eureka.registry.AbstractInstanceRegistry$EvictionTask [Eureka-EvictionTimer] Running the evict task with compensationTime 0ms
2019-11-04 00:42:09,413 INFO com.netflix.eureka.registry.AbstractInstanceRegistry$EvictionTask [Eureka-EvictionTimer] Running the evict task with compensationTime 0ms
2019-11-04 00:43:09,413 INFO com.netflix.eureka.registry.AbstractInstanceRegistry$EvictionTask [Eureka-EvictionTimer] Running the evict task with compensationTime 0ms
2019-11-04 00:44:09,413 INFO com.netflix.eureka.registry.AbstractInstanceRegistry$EvictionTask [Eureka-EvictionTimer] Running the evict task with compensationTime 0ms
2019-11-04 00:45:09,413 INFO com.netflix.eureka.registry.AbstractInstanceRegistry$EvictionTask [Eureka-EvictionTimer] Running the evict task with compensationTime 0ms
2019-11-04 00:46:09,127 INFO com.netflix.eureka.registry.PeerAwareInstanceRegistryImpl [ReplicaAwareInstanceRegistry - RenewalThresholdUpdater] Current renewal threshold is : 1
2019-11-04 00:46:09,413 INFO com.netflix.eureka.registry.AbstractInstanceRegistry$EvictionTask [Eureka-EvictionTimer] Running the evict task with compensationTime 0ms
2019-11-04 00:47:09,413 INFO com.netflix.eureka.registry.AbstractInstanceRegistry$EvictionTask [Eureka-EvictionTimer] Running the evict task with compensationTime 0ms
2019-11-04 00:52:13,404 INFO org.springframework.context.support.PostProcessorRegistrationDelegate$BeanPostProcessorChecker [main] Bean 'org.springframework.cloud.autoconfigure.ConfigurationPropertiesRebinderAutoConfiguration' of type [org.springframework.cloud.autoconfigure.ConfigurationPropertiesRebinderAutoConfiguration$$EnhancerBySpringCGLIB$$62d047c5] is not eligible for getting processed by all BeanPostProcessors (for example: not eligible for auto-proxying)
