2019-09-19 19:53:18,577 INFO org.springframework.context.support.PostProcessorRegistrationDelegate$BeanPostProcessorChecker [main] Bean 'org.springframework.cloud.autoconfigure.ConfigurationPropertiesRebinderAutoConfiguration' of type [org.springframework.cloud.autoconfigure.ConfigurationPropertiesRebinderAutoConfiguration$$EnhancerBySpringCGLIB$$57d667b9] is not eligible for getting processed by all BeanPostProcessors (for example: not eligible for auto-proxying)
2019-09-19 19:53:18,800 INFO org.springframework.cloud.config.client.ConfigServicePropertySourceLocator [main] Fetching config from server at : http://192.168.1.100:8888
2019-09-19 19:53:19,601 INFO org.springframework.cloud.config.client.ConfigServicePropertySourceLocator [main] Located environment: name=dvdtheque-jms-publisher, profiles=[dev], label=null, version=3d6f656f88a82fae175c2b420028b28c8e973070, state=null
2019-09-19 19:53:19,602 INFO org.springframework.cloud.bootstrap.config.PropertySourceBootstrapConfiguration [main] Located property source: CompositePropertySource {name='configService', propertySources=[MapPropertySource {name='configClient'}, MapPropertySource {name='https://github.com/fredo1975/spring-cloud-server-config.git/dvdtheque-jms-publisher-dev.properties'}]}
2019-09-19 19:53:19,615 INFO org.springframework.boot.SpringApplication [main] The following profiles are active: dev
2019-09-19 19:53:20,459 INFO org.springframework.data.repository.config.RepositoryConfigurationDelegate [main] Bootstrapping Spring Data repositories in DEFAULT mode.
2019-09-19 19:53:20,474 INFO org.springframework.data.repository.config.RepositoryConfigurationDelegate [main] Finished Spring Data repository scanning in 8ms. Found 0 repository interfaces.
2019-09-19 19:53:20,858 INFO org.springframework.cloud.context.scope.GenericScope [main] BeanFactory id=ca731f4f-8d65-3eeb-ab6e-e2abe8fee38e
2019-09-19 19:53:20,899 INFO org.springframework.integration.config.DefaultConfiguringBeanFactoryPostProcessor [main] No bean named 'errorChannel' has been explicitly defined. Therefore, a default PublishSubscribeChannel will be created.
2019-09-19 19:53:20,903 INFO org.springframework.integration.config.DefaultConfiguringBeanFactoryPostProcessor [main] No bean named 'taskScheduler' has been explicitly defined. Therefore, a default ThreadPoolTaskScheduler will be created.
2019-09-19 19:53:20,909 INFO org.springframework.integration.config.DefaultConfiguringBeanFactoryPostProcessor [main] No bean named 'integrationHeaderChannelRegistry' has been explicitly defined. Therefore, a default DefaultHeaderChannelRegistry will be created.
2019-09-19 19:53:21,024 INFO org.springframework.context.support.PostProcessorRegistrationDelegate$BeanPostProcessorChecker [main] Bean 'org.springframework.transaction.annotation.ProxyTransactionManagementConfiguration' of type [org.springframework.transaction.annotation.ProxyTransactionManagementConfiguration$$EnhancerBySpringCGLIB$$3bbc64bc] is not eligible for getting processed by all BeanPostProcessors (for example: not eligible for auto-proxying)
2019-09-19 19:53:21,057 INFO org.springframework.context.support.PostProcessorRegistrationDelegate$BeanPostProcessorChecker [main] Bean 'integrationDisposableAutoCreatedBeans' of type [org.springframework.integration.config.annotation.Disposables] is not eligible for getting processed by all BeanPostProcessors (for example: not eligible for auto-proxying)
2019-09-19 19:53:21,095 INFO org.springframework.context.support.PostProcessorRegistrationDelegate$BeanPostProcessorChecker [main] Bean 'org.springframework.integration.config.IntegrationManagementConfiguration' of type [org.springframework.integration.config.IntegrationManagementConfiguration$$EnhancerBySpringCGLIB$$a6ae1feb] is not eligible for getting processed by all BeanPostProcessors (for example: not eligible for auto-proxying)
2019-09-19 19:53:21,131 INFO org.springframework.context.support.PostProcessorRegistrationDelegate$BeanPostProcessorChecker [main] Bean 'org.springframework.cloud.autoconfigure.ConfigurationPropertiesRebinderAutoConfiguration' of type [org.springframework.cloud.autoconfigure.ConfigurationPropertiesRebinderAutoConfiguration$$EnhancerBySpringCGLIB$$57d667b9] is not eligible for getting processed by all BeanPostProcessors (for example: not eligible for auto-proxying)
2019-09-19 19:53:21,430 INFO com.zaxxer.hikari.HikariDataSource [main] HikariPool-1 - Starting...
2019-09-19 19:53:21,637 INFO com.zaxxer.hikari.HikariDataSource [main] HikariPool-1 - Start completed.
2019-09-19 19:53:21,720 INFO org.hibernate.jpa.internal.util.LogHelper [main] HHH000204: Processing PersistenceUnitInfo [
	name: default
	...]
2019-09-19 19:53:21,791 INFO org.hibernate.Version [main] HHH000412: Hibernate Core {5.3.11.Final}
2019-09-19 19:53:21,793 INFO org.hibernate.cfg.Environment [main] HHH000206: hibernate.properties not found
2019-09-19 19:53:21,971 INFO org.hibernate.annotations.common.reflection.java.JavaReflectionManager [main] HCANN000001: Hibernate Commons Annotations {5.0.4.Final}
2019-09-19 19:53:22,280 INFO org.hibernate.dialect.Dialect [main] HHH000400: Using dialect: org.hibernate.dialect.H2Dialect
2019-09-19 19:53:23,075 INFO org.hibernate.tool.schema.internal.SchemaCreatorImpl [main] HHH000476: Executing import script 'org.hibernate.tool.schema.internal.exec.ScriptSourceInputNonExistentImpl@7b9c2387'
2019-09-19 19:53:23,078 INFO org.springframework.orm.jpa.AbstractEntityManagerFactoryBean [main] Initialized JPA EntityManagerFactory for persistence unit 'default'
2019-09-19 19:53:24,485 INFO org.springframework.scheduling.concurrent.ExecutorConfigurationSupport [main] Initializing ExecutorService 'applicationTaskExecutor'
2019-09-19 19:53:24,553 WARN org.springframework.boot.autoconfigure.orm.jpa.JpaBaseConfiguration$JpaWebConfiguration$JpaWebMvcConfiguration [main] spring.jpa.open-in-view is enabled by default. Therefore, database queries may be performed during view rendering. Explicitly configure spring.jpa.open-in-view to disable this warning
2019-09-19 19:53:25,117 INFO org.springframework.scheduling.concurrent.ExecutorConfigurationSupport [main] Initializing ExecutorService 'taskScheduler'
2019-09-19 19:53:25,832 INFO org.springframework.boot.actuate.endpoint.web.EndpointLinksResolver [main] Exposing 2 endpoint(s) beneath base path '/actuator'
2019-09-19 19:53:25,979 INFO org.springframework.integration.endpoint.EventDrivenConsumer [main] Adding {logging-channel-adapter:_org.springframework.integration.errorLogger} as a subscriber to the 'errorChannel' channel
2019-09-19 19:53:25,979 INFO org.springframework.integration.channel.AbstractSubscribableChannel [main] Channel 'dvdtheque-jms-publisher-1.errorChannel' has 1 subscriber(s).
2019-09-19 19:53:25,980 INFO org.springframework.integration.endpoint.AbstractEndpoint [main] started _org.springframework.integration.errorLogger
2019-09-19 19:53:26,039 INFO org.springframework.integration.channel.AbstractSubscribableChannel [main] Channel 'dvdtheque-jms-publisher-1.output' has 1 subscriber(s).
2019-09-19 19:53:26,074 INFO org.springframework.boot.StartupInfoLogger [main] Started DvdthequeJmsPublisherTest in 8.517 seconds (JVM running for 9.602)
2019-09-19 19:53:26,297 INFO org.springframework.integration.endpoint.EventDrivenConsumer [Thread-7] Removing {logging-channel-adapter:_org.springframework.integration.errorLogger} as a subscriber to the 'errorChannel' channel
2019-09-19 19:53:26,297 INFO org.springframework.integration.channel.AbstractSubscribableChannel [Thread-7] Channel 'dvdtheque-jms-publisher-1.errorChannel' has 0 subscriber(s).
2019-09-19 19:53:26,297 INFO org.springframework.integration.endpoint.AbstractEndpoint [Thread-7] stopped _org.springframework.integration.errorLogger
2019-09-19 19:53:26,300 INFO org.springframework.scheduling.concurrent.ExecutorConfigurationSupport [Thread-7] Shutting down ExecutorService 'taskScheduler'
2019-09-19 19:53:26,301 INFO org.springframework.scheduling.concurrent.ExecutorConfigurationSupport [Thread-7] Shutting down ExecutorService 'applicationTaskExecutor'
2019-09-19 19:53:26,304 INFO org.springframework.orm.jpa.AbstractEntityManagerFactoryBean [Thread-7] Closing JPA EntityManagerFactory for persistence unit 'default'
2019-09-19 19:53:26,304 INFO org.hibernate.tool.schema.internal.SchemaDropperImpl$DelayedDropActionImpl [Thread-7] HHH000477: Starting delayed evictData of schema as part of SessionFactory shut-down'
2019-09-19 19:53:26,346 WARN org.springframework.beans.factory.support.DisposableBeanAdapter [Thread-7] Invocation of destroy method failed on bean with name 'inMemoryDatabaseShutdownExecutor': org.h2.jdbc.JdbcSQLNonTransientConnectionException: La base de données est déjà fermée (pour désactiver la fermeture automatique à l'arrêt de la VM, ajoutez "; DB_CLOSE_ON_EXIT = FALSE" à l'URL db)
Database is already closed (to disable automatic closing at VM shutdown, add ";DB_CLOSE_ON_EXIT=FALSE" to the db URL) [90121-199]
2019-09-19 19:53:26,347 INFO com.zaxxer.hikari.HikariDataSource [Thread-7] HikariPool-1 - Shutdown initiated...
2019-09-19 19:53:26,353 INFO com.zaxxer.hikari.HikariDataSource [Thread-7] HikariPool-1 - Shutdown completed.
